Flow report for Compressor82_16bits_Carry_Select
Tue Dec 30 11:48:56 2025
Quartus Prime Version 24.1std.0 Build 1077 03/04/2025 SC Lite Edition


---------------------
; Table of Contents ;
---------------------
  1. Legal Notice
  2. Flow Summary
  3. Flow Settings
  4. Flow Non-Default Global Settings
  5. Flow Elapsed Time
  6. Flow OS Summary
  7. Flow Log
  8. Flow Messages
  9. Flow Suppressed Messages



----------------
; Legal Notice ;
----------------
Copyright (C) 2025  Altera Corporation. All rights reserved.
Your use of Altera Corporation's design tools, logic functions 
and other software and tools, and any partner logic 
functions, and any output files from any of the foregoing 
(including device programming or simulation files), and any 
associated documentation or information are expressly subject 
to the terms and conditions of the Altera Program License 
Subscription Agreement, the Altera Quartus Prime License Agreement,
the Altera IP License Agreement, or other applicable license
agreement, including, without limitation, that your use is for
the sole purpose of programming logic devices manufactured by
Altera and sold by Altera or its authorized distributors.  Please
refer to the Altera Software License Subscription Agreements 
on the Quartus Prime software download page.



+--------------------------------------------------------------------------------------+
; Flow Summary                                                                         ;
+------------------------------------+-------------------------------------------------+
; Flow Status                        ; Successful - Tue Dec 30 11:48:54 2025           ;
; Quartus Prime Version              ; 24.1std.0 Build 1077 03/04/2025 SC Lite Edition ;
; Revision Name                      ; Compressor82_16bits_Carry_Select                ;
; Top-level Entity Name              ; top_level_compressor_8x2_16b                    ;
; Family                             ; Cyclone IV E                                    ;
; Device                             ; EP4CE22F17C6                                    ;
; Timing Models                      ; Final                                           ;
; Total logic elements               ; 289 / 22,320 ( 1 % )                            ;
;     Total combinational functions  ; 236 / 22,320 ( 1 % )                            ;
;     Dedicated logic registers      ; 147 / 22,320 ( < 1 % )                          ;
; Total registers                    ; 147                                             ;
; Total pins                         ; 149 / 154 ( 97 % )                              ;
; Total virtual pins                 ; 0                                               ;
; Total memory bits                  ; 0 / 608,256 ( 0 % )                             ;
; Embedded Multiplier 9-bit elements ; 0 / 132 ( 0 % )                                 ;
; Total PLLs                         ; 0 / 4 ( 0 % )                                   ;
+------------------------------------+-------------------------------------------------+


+------------------------------------------------------+
; Flow Settings                                        ;
+-------------------+----------------------------------+
; Option            ; Setting                          ;
+-------------------+----------------------------------+
; Start date & time ; 12/30/2025 11:48:39              ;
; Main task         ; Compilation                      ;
; Revision Name     ; Compressor82_16bits_Carry_Select ;
+-------------------+----------------------------------+


+------------------------------------------------------------------------------------------------------------------------------------------------------------------------------------+
; Flow Non-Default Global Settings                                                                                                                                                   ;
+-------------------------------------+----------------------------------------+----------------------------------+------------------------------+-----------------------------------+
; Assignment Name                     ; Value                                  ; Default Value                    ; Entity Name                  ; Section Id                        ;
+-------------------------------------+----------------------------------------+----------------------------------+------------------------------+-----------------------------------+
; COMPILER_SIGNATURE_ID               ; 172035457302867.176710611910124        ; --                               ; --                           ; --                                ;
; EDA_GENERATE_FUNCTIONAL_NETLIST     ; Off                                    ; --                               ; --                           ; eda_board_design_timing           ;
; EDA_GENERATE_FUNCTIONAL_NETLIST     ; Off                                    ; --                               ; --                           ; eda_board_design_boundary_scan    ;
; EDA_GENERATE_FUNCTIONAL_NETLIST     ; Off                                    ; --                               ; --                           ; eda_board_design_signal_integrity ;
; EDA_GENERATE_FUNCTIONAL_NETLIST     ; Off                                    ; --                               ; --                           ; eda_board_design_symbol           ;
; EDA_OUTPUT_DATA_FORMAT              ; Verilog Hdl                            ; --                               ; --                           ; eda_simulation                    ;
; EDA_SIMULATION_TOOL                 ; Questa Intel FPGA (Verilog)            ; <None>                           ; --                           ; --                                ;
; EDA_TIME_SCALE                      ; 1 ps                                   ; --                               ; --                           ; eda_simulation                    ;
; MAX_CORE_JUNCTION_TEMP              ; 85                                     ; --                               ; --                           ; --                                ;
; MIN_CORE_JUNCTION_TEMP              ; 0                                      ; --                               ; --                           ; --                                ;
; NOMINAL_CORE_SUPPLY_VOLTAGE         ; 1.2V                                   ; --                               ; --                           ; --                                ;
; PARTITION_COLOR                     ; -- (Not supported for targeted family) ; --                               ; top_level_compressor_8x2_16b ; Top                               ;
; PARTITION_FITTER_PRESERVATION_LEVEL ; -- (Not supported for targeted family) ; --                               ; top_level_compressor_8x2_16b ; Top                               ;
; PARTITION_NETLIST_TYPE              ; -- (Not supported for targeted family) ; --                               ; top_level_compressor_8x2_16b ; Top                               ;
; PROJECT_OUTPUT_DIRECTORY            ; output_files                           ; --                               ; --                           ; --                                ;
; TOP_LEVEL_ENTITY                    ; top_level_compressor_8x2_16b           ; Compressor82_16bits_Carry_Select ; --                           ; --                                ;
+-------------------------------------+----------------------------------------+----------------------------------+------------------------------+-----------------------------------+


+--------------------------------------------------------------------------------------------------------------------------+
; Flow Elapsed Time                                                                                                        ;
+----------------------+--------------+-------------------------+---------------------+------------------------------------+
; Module Name          ; Elapsed Time ; Average Processors Used ; Peak Virtual Memory ; Total CPU Time (on all processors) ;
+----------------------+--------------+-------------------------+---------------------+------------------------------------+
; Analysis & Synthesis ; 00:00:07     ; 1.0                     ; 4858 MB             ; 00:00:16                           ;
; Fitter               ; 00:00:08     ; 1.0                     ; 5838 MB             ; 00:00:12                           ;
; Timing Analyzer      ; 00:00:01     ; 1.1                     ; 4855 MB             ; 00:00:01                           ;
; Total                ; 00:00:16     ; --                      ; --                  ; 00:00:29                           ;
+----------------------+--------------+-------------------------+---------------------+------------------------------------+


+------------------------------------------------------------------------------------+
; Flow OS Summary                                                                    ;
+----------------------+------------------+------------+------------+----------------+
; Module Name          ; Machine Hostname ; OS Name    ; OS Version ; Processor type ;
+----------------------+------------------+------------+------------+----------------+
; Analysis & Synthesis ; DESKTOP-8L9PMU5  ; Windows 10 ; 10.0       ; x86_64         ;
; Fitter               ; DESKTOP-8L9PMU5  ; Windows 10 ; 10.0       ; x86_64         ;
; Timing Analyzer      ; DESKTOP-8L9PMU5  ; Windows 10 ; 10.0       ; x86_64         ;
+----------------------+------------------+------------+------------+----------------+


------------
; Flow Log ;
------------
quartus_map --read_settings_files=on --write_settings_files=off Compressor82_16bits_Carry_Select -c Compressor82_16bits_Carry_Select
quartus_fit --read_settings_files=off --write_settings_files=off Compressor82_16bits_Carry_Select -c Compressor82_16bits_Carry_Select
quartus_sta Compressor82_16bits_Carry_Select -c Compressor82_16bits_Carry_Select



